Determining if the pthread_create exist failed with the following output:
Change Dir: /home/wei/code/OpenGL_Template/cmake-build-debug/CMakeFiles/CMakeTmp

Run Build Command:"/usr/bin/make" "cmTC_aeb40/fast"
/usr/bin/make -f CMakeFiles/cmTC_aeb40.dir/build.make CMakeFiles/cmTC_aeb40.dir/build
make[1]: Entering directory `/home/wei/code/OpenGL_Template/cmake-build-debug/CMakeFiles/CMakeTmp'
Building C object CMakeFiles/cmTC_aeb40.dir/CheckSymbolExists.c.o
/usr/bin/cc    -fPIC    -o CMakeFiles/cmTC_aeb40.dir/CheckSymbolExists.c.o   -c /home/wei/code/OpenGL_Template/cmake-build-debug/CMakeFiles/CMakeTmp/CheckSymbolExists.c
Linking C executable cmTC_aeb40
/usr/local/bin/cmake -E cmake_link_script CMakeFiles/cmTC_aeb40.dir/link.txt --verbose=1
/usr/bin/cc  -fPIC     CMakeFiles/cmTC_aeb40.dir/CheckSymbolExists.c.o  -o cmTC_aeb40 -rdynamic 
CMakeFiles/cmTC_aeb40.dir/CheckSymbolExists.c.o: In function `main':
CheckSymbolExists.c:(.text+0x1b): undefined reference to `pthread_create'
collect2: error: ld returned 1 exit status
make[1]: *** [cmTC_aeb40] Error 1
make[1]: Leaving directory `/home/wei/code/OpenGL_Template/cmake-build-debug/CMakeFiles/CMakeTmp'
make: *** [cmTC_aeb40/fast] Error 2

File /home/wei/code/OpenGL_Template/cmake-build-debug/CMakeFiles/CMakeTmp/CheckSymbolExists.c:
/* */
#include <pthread.h>

int main(int argc, char** argv)
{
  (void)argv;
#ifndef pthread_create
  return ((int*)(&pthread_create))[argc];
#else
  (void)argc;
  return 0;
#endif
}

Determining if the function pthread_create exists in the pthreads failed with the following output:
Change Dir: /home/wei/code/OpenGL_Template/cmake-build-debug/CMakeFiles/CMakeTmp

Run Build Command:"/usr/bin/make" "cmTC_5945c/fast"
/usr/bin/make -f CMakeFiles/cmTC_5945c.dir/build.make CMakeFiles/cmTC_5945c.dir/build
make[1]: Entering directory `/home/wei/code/OpenGL_Template/cmake-build-debug/CMakeFiles/CMakeTmp'
Building C object CMakeFiles/cmTC_5945c.dir/CheckFunctionExists.c.o
/usr/bin/cc    -fPIC -DCHECK_FUNCTION_EXISTS=pthread_create   -o CMakeFiles/cmTC_5945c.dir/CheckFunctionExists.c.o   -c /usr/local/share/cmake-3.6/Modules/CheckFunctionExists.c
Linking C executable cmTC_5945c
/usr/local/bin/cmake -E cmake_link_script CMakeFiles/cmTC_5945c.dir/link.txt --verbose=1
/usr/bin/cc  -fPIC -DCHECK_FUNCTION_EXISTS=pthread_create    CMakeFiles/cmTC_5945c.dir/CheckFunctionExists.c.o  -o cmTC_5945c -rdynamic -lpthreads 
/usr/bin/ld: cannot find -lpthreads
collect2: error: ld returned 1 exit status
make[1]: *** [cmTC_5945c] Error 1
make[1]: Leaving directory `/home/wei/code/OpenGL_Template/cmake-build-debug/CMakeFiles/CMakeTmp'
make: *** [cmTC_5945c/fast] Error 2


