Determining if the pthread_create exist failed with the following output:
Change Dir: /home/wei/code/OpenGL_Template/build/CMakeFiles/CMakeTmp

Run Build Command:"/usr/bin/make" "cmTC_eed08/fast"
/usr/bin/make -f CMakeFiles/cmTC_eed08.dir/build.make CMakeFiles/cmTC_eed08.dir/build
make[1]: Entering directory `/home/wei/code/OpenGL_Template/build/CMakeFiles/CMakeTmp'
Building C object CMakeFiles/cmTC_eed08.dir/CheckSymbolExists.c.o
/usr/bin/cc    -fPIC    -o CMakeFiles/cmTC_eed08.dir/CheckSymbolExists.c.o   -c /home/wei/code/OpenGL_Template/build/CMakeFiles/CMakeTmp/CheckSymbolExists.c
Linking C executable cmTC_eed08
/usr/local/bin/cmake -E cmake_link_script CMakeFiles/cmTC_eed08.dir/link.txt --verbose=1
/usr/bin/cc  -fPIC     CMakeFiles/cmTC_eed08.dir/CheckSymbolExists.c.o  -o cmTC_eed08 -rdynamic 
CMakeFiles/cmTC_eed08.dir/CheckSymbolExists.c.o: In function `main':
CheckSymbolExists.c:(.text+0x1b): undefined reference to `pthread_create'
collect2: error: ld returned 1 exit status
make[1]: *** [cmTC_eed08] Error 1
make[1]: Leaving directory `/home/wei/code/OpenGL_Template/build/CMakeFiles/CMakeTmp'
make: *** [cmTC_eed08/fast] Error 2

File /home/wei/code/OpenGL_Template/build/CMakeFiles/CMakeTmp/CheckSymbolExists.c:
/* */
#include <pthread.h>

int main(int argc, char** argv)
{
  (void)argv;
#ifndef pthread_create
  return ((int*)(&pthread_create))[argc];
#else
  (void)argc;
  return 0;
#endif
}

Determining if the function pthread_create exists in the pthreads failed with the following output:
Change Dir: /home/wei/code/OpenGL_Template/build/CMakeFiles/CMakeTmp

Run Build Command:"/usr/bin/make" "cmTC_d4a68/fast"
/usr/bin/make -f CMakeFiles/cmTC_d4a68.dir/build.make CMakeFiles/cmTC_d4a68.dir/build
make[1]: Entering directory `/home/wei/code/OpenGL_Template/build/CMakeFiles/CMakeTmp'
Building C object CMakeFiles/cmTC_d4a68.dir/CheckFunctionExists.c.o
/usr/bin/cc    -fPIC -DCHECK_FUNCTION_EXISTS=pthread_create   -o CMakeFiles/cmTC_d4a68.dir/CheckFunctionExists.c.o   -c /usr/local/share/cmake-3.6/Modules/CheckFunctionExists.c
Linking C executable cmTC_d4a68
/usr/local/bin/cmake -E cmake_link_script CMakeFiles/cmTC_d4a68.dir/link.txt --verbose=1
/usr/bin/cc  -fPIC -DCHECK_FUNCTION_EXISTS=pthread_create    CMakeFiles/cmTC_d4a68.dir/CheckFunctionExists.c.o  -o cmTC_d4a68 -rdynamic -lpthreads 
/usr/bin/ld: cannot find -lpthreads
collect2: error: ld returned 1 exit status
make[1]: *** [cmTC_d4a68] Error 1
make[1]: Leaving directory `/home/wei/code/OpenGL_Template/build/CMakeFiles/CMakeTmp'
make: *** [cmTC_d4a68/fast] Error 2


